2025-08-13 19:15:26 - root - INFO - ============================================================
2025-08-13 19:15:26 - root - INFO - RSS to WordPress Automation System Started
2025-08-13 19:15:26 - root - INFO - Log level: INFO
2025-08-13 19:15:26 - root - INFO - Log directory: logs
2025-08-13 19:15:26 - root - INFO - ============================================================
2025-08-13 19:15:26 - app.main - CRITICAL - Missing critical environment variables: ['WORDPRESS_URL', 'WORDPRESS_USER', 'WORDPRESS_PASSWORD']
2025-08-13 19:17:48 - root - INFO - ============================================================
2025-08-13 19:17:48 - root - INFO - RSS to WordPress Automation System Started
2025-08-13 19:17:48 - root - INFO - Log level: INFO
2025-08-13 19:17:48 - root - INFO - Log directory: logs
2025-08-13 19:17:48 - root - INFO - ============================================================
2025-08-13 19:17:48 - app.main - CRITICAL - Missing critical environment variables: ['WORDPRESS_URL', 'WORDPRESS_USER', 'WORDPRESS_PASSWORD']
2025-08-13 19:18:15 - root - INFO - ============================================================
2025-08-13 19:18:15 - root - INFO - RSS to WordPress Automation System Started
2025-08-13 19:18:15 - root - INFO - Log level: INFO
2025-08-13 19:18:15 - root - INFO - Log directory: logs
2025-08-13 19:18:15 - root - INFO - ============================================================
2025-08-13 19:18:15 - app.store - INFO - Initializing database
2025-08-13 19:18:15 - app.store - INFO - Database initialized successfully
2025-08-13 19:18:15 - apscheduler.scheduler - INFO - Adding job tentatively -- it will be properly scheduled when the scheduler starts
2025-08-13 19:18:15 - apscheduler.scheduler - INFO - Adding job tentatively -- it will be properly scheduled when the scheduler starts
2025-08-13 19:18:15 - app.main - INFO - Starting RSS to WordPress automation system
2025-08-13 19:18:15 - app.main - INFO - Pipeline will run every 15 minutes
2025-08-13 19:18:15 - app.main - INFO - Cleanup will run every 12 hours
2025-08-13 19:18:15 - apscheduler.scheduler - INFO - Added job "RSS Pipeline Cycle" to job store "default"
2025-08-13 19:18:15 - apscheduler.scheduler - INFO - Added job "Cleanup Task" to job store "default"
2025-08-13 19:18:15 - apscheduler.scheduler - INFO - Scheduler started
2025-08-13 19:19:57 - app.main - INFO - Received shutdown signal, stopping scheduler...
2025-08-13 19:19:57 - apscheduler.scheduler - INFO - Scheduler has been shut down
2025-08-13 19:19:58 - root - INFO - ============================================================
2025-08-13 19:19:58 - root - INFO - RSS to WordPress Automation System Started
2025-08-13 19:19:58 - root - INFO - Log level: INFO
2025-08-13 19:19:58 - root - INFO - Log directory: logs
2025-08-13 19:19:58 - root - INFO - ============================================================
2025-08-13 19:19:58 - app.store - INFO - Initializing database
2025-08-13 19:19:58 - app.store - INFO - Database initialized successfully
2025-08-13 19:19:58 - apscheduler.scheduler - INFO - Adding job tentatively -- it will be properly scheduled when the scheduler starts
2025-08-13 19:19:58 - apscheduler.scheduler - INFO - Adding job tentatively -- it will be properly scheduled when the scheduler starts
2025-08-13 19:19:58 - app.main - INFO - Starting RSS to WordPress automation system
2025-08-13 19:19:58 - app.main - INFO - Pipeline will run every 15 minutes
2025-08-13 19:19:58 - app.main - INFO - Cleanup will run every 12 hours
2025-08-13 19:19:58 - apscheduler.scheduler - INFO - Added job "RSS Pipeline Cycle" to job store "default"
2025-08-13 19:19:58 - apscheduler.scheduler - INFO - Added job "Cleanup Task" to job store "default"
2025-08-13 19:19:58 - apscheduler.scheduler - INFO - Scheduler started
2025-08-13 19:31:05 - app.main - INFO - Received shutdown signal, stopping scheduler...
2025-08-13 19:31:05 - apscheduler.scheduler - INFO - Scheduler has been shut down
2025-08-13 19:31:07 - root - INFO - ============================================================
2025-08-13 19:31:07 - root - INFO - RSS to WordPress Automation System Started
2025-08-13 19:31:07 - root - INFO - Log level: INFO
2025-08-13 19:31:07 - root - INFO - Log directory: logs
2025-08-13 19:31:07 - root - INFO - ============================================================
2025-08-13 19:31:07 - app.store - INFO - Initializing database
2025-08-13 19:31:07 - app.store - INFO - Database initialized successfully
2025-08-13 19:31:07 - apscheduler.scheduler - INFO - Adding job tentatively -- it will be properly scheduled when the scheduler starts
2025-08-13 19:31:07 - apscheduler.scheduler - INFO - Adding job tentatively -- it will be properly scheduled when the scheduler starts
2025-08-13 19:31:07 - app.main - INFO - Starting RSS to WordPress automation system
2025-08-13 19:31:07 - app.main - INFO - Pipeline will run every 15 minutes
2025-08-13 19:31:07 - app.main - INFO - Cleanup will run every 12 hours
2025-08-13 19:31:07 - apscheduler.scheduler - INFO - Added job "RSS Pipeline Cycle" to job store "default"
2025-08-13 19:31:07 - apscheduler.scheduler - INFO - Added job "Cleanup Task" to job store "default"
2025-08-13 19:31:07 - apscheduler.scheduler - INFO - Scheduler started
2025-08-13 19:36:02 - app.main - INFO - Received shutdown signal, stopping scheduler...
2025-08-13 19:36:02 - apscheduler.scheduler - INFO - Scheduler has been shut down
2025-08-13 19:36:04 - root - INFO - ============================================================
2025-08-13 19:36:04 - root - INFO - RSS to WordPress Automation System Started
2025-08-13 19:36:04 - root - INFO - Log level: INFO
2025-08-13 19:36:04 - root - INFO - Log directory: logs
2025-08-13 19:36:04 - root - INFO - ============================================================
2025-08-13 19:36:04 - app.store - INFO - Initializing database
2025-08-13 19:36:04 - app.store - INFO - Database initialized successfully
2025-08-13 19:36:04 - apscheduler.scheduler - INFO - Adding job tentatively -- it will be properly scheduled when the scheduler starts
2025-08-13 19:36:04 - apscheduler.scheduler - INFO - Adding job tentatively -- it will be properly scheduled when the scheduler starts
2025-08-13 19:36:04 - app.main - INFO - Starting RSS to WordPress automation system
2025-08-13 19:36:04 - app.main - INFO - Pipeline will run every 15 minutes
2025-08-13 19:36:04 - app.main - INFO - Cleanup will run every 12 hours
2025-08-13 19:36:04 - apscheduler.scheduler - INFO - Added job "RSS Pipeline Cycle" to job store "default"
2025-08-13 19:36:04 - apscheduler.scheduler - INFO - Added job "Cleanup Task" to job store "default"
2025-08-13 19:36:04 - apscheduler.scheduler - INFO - Scheduler started
2025-08-13 19:40:38 - app.main - INFO - Received shutdown signal, stopping scheduler...
2025-08-13 19:40:38 - apscheduler.scheduler - INFO - Scheduler has been shut down
2025-08-13 19:40:41 - root - INFO - ============================================================
2025-08-13 19:40:41 - root - INFO - RSS to WordPress Automation System Started
2025-08-13 19:40:41 - root - INFO - Log level: INFO
2025-08-13 19:40:41 - root - INFO - Log directory: logs
2025-08-13 19:40:41 - root - INFO - ============================================================
2025-08-13 19:40:41 - app.store - INFO - Initializing database
2025-08-13 19:40:41 - app.store - INFO - Database initialized successfully
2025-08-13 19:40:41 - apscheduler.scheduler - INFO - Adding job tentatively -- it will be properly scheduled when the scheduler starts
2025-08-13 19:40:41 - apscheduler.scheduler - INFO - Adding job tentatively -- it will be properly scheduled when the scheduler starts
2025-08-13 19:40:41 - app.main - INFO - Starting RSS to WordPress automation system
2025-08-13 19:40:41 - app.main - INFO - Pipeline will run every 15 minutes
2025-08-13 19:40:41 - app.main - INFO - Cleanup will run every 12 hours
2025-08-13 19:40:41 - apscheduler.scheduler - INFO - Added job "RSS Pipeline Cycle" to job store "default"
2025-08-13 19:40:41 - apscheduler.scheduler - INFO - Added job "Cleanup Task" to job store "default"
2025-08-13 19:40:41 - apscheduler.scheduler - INFO - Scheduler started
2025-08-13 19:44:36 - root - INFO - ============================================================
2025-08-13 19:44:36 - root - INFO - RSS to WordPress Automation System Started
2025-08-13 19:44:36 - root - INFO - Log level: INFO
2025-08-13 19:44:36 - root - INFO - Log directory: logs
2025-08-13 19:44:36 - root - INFO - ============================================================
2025-08-13 19:44:36 - app.store - INFO - Initializing database
2025-08-13 19:44:36 - app.store - INFO - Database initialized successfully
2025-08-13 19:44:36 - app.main - INFO - Running single pipeline cycle
2025-08-13 19:44:41 - app.main - INFO - Received shutdown signal, stopping scheduler...
2025-08-13 19:44:41 - apscheduler.scheduler - INFO - Scheduler has been shut down
2025-08-13 19:44:43 - root - INFO - ============================================================
2025-08-13 19:44:43 - root - INFO - RSS to WordPress Automation System Started
2025-08-13 19:44:43 - root - INFO - Log level: INFO
2025-08-13 19:44:43 - root - INFO - Log directory: logs
2025-08-13 19:44:43 - root - INFO - ============================================================
2025-08-13 19:44:43 - app.store - INFO - Initializing database
2025-08-13 19:44:43 - app.store - INFO - Database initialized successfully
2025-08-13 19:44:43 - apscheduler.scheduler - INFO - Adding job tentatively -- it will be properly scheduled when the scheduler starts
2025-08-13 19:44:43 - apscheduler.scheduler - INFO - Adding job tentatively -- it will be properly scheduled when the scheduler starts
2025-08-13 19:44:43 - app.main - INFO - Starting RSS to WordPress automation system
2025-08-13 19:44:43 - app.main - INFO - Pipeline will run every 15 minutes
2025-08-13 19:44:43 - app.main - INFO - Cleanup will run every 12 hours
2025-08-13 19:44:43 - apscheduler.scheduler - INFO - Added job "RSS Pipeline Cycle" to job store "default"
2025-08-13 19:44:43 - apscheduler.scheduler - INFO - Added job "Cleanup Task" to job store "default"
2025-08-13 19:44:43 - apscheduler.scheduler - INFO - Scheduler started
2025-08-13 19:47:22 - app.main - INFO - Received shutdown signal, stopping scheduler...
2025-08-13 19:47:25 - root - INFO - ============================================================
2025-08-13 19:47:25 - root - INFO - RSS to WordPress Automation System Started
2025-08-13 19:47:25 - root - INFO - Log level: INFO
2025-08-13 19:47:25 - root - INFO - Log directory: logs
2025-08-13 19:47:25 - root - INFO - ============================================================
2025-08-13 19:47:25 - app.store - INFO - Initializing database
2025-08-13 19:47:25 - app.store - INFO - Database initialized successfully
2025-08-13 19:47:25 - apscheduler.scheduler - INFO - Adding job tentatively -- it will be properly scheduled when the scheduler starts
2025-08-13 19:47:25 - apscheduler.scheduler - INFO - Adding job tentatively -- it will be properly scheduled when the scheduler starts
2025-08-13 19:47:25 - app.main - INFO - Starting RSS to WordPress automation system
2025-08-13 19:47:25 - app.main - INFO - Pipeline will run every 15 minutes
2025-08-13 19:47:25 - app.main - INFO - Cleanup will run every 12 hours
2025-08-13 19:47:25 - apscheduler.scheduler - INFO - Added job "RSS Pipeline Cycle" to job store "default"
2025-08-13 19:47:25 - apscheduler.scheduler - INFO - Added job "Cleanup Task" to job store "default"
2025-08-13 19:47:25 - apscheduler.scheduler - INFO - Scheduler started
2025-08-13 19:48:50 - app.main - INFO - Received shutdown signal, stopping scheduler...
2025-08-13 19:48:50 - apscheduler.scheduler - INFO - Scheduler has been shut down
2025-08-13 19:48:52 - root - INFO - ============================================================
2025-08-13 19:48:52 - root - INFO - RSS to WordPress Automation System Started
2025-08-13 19:48:52 - root - INFO - Log level: INFO
2025-08-13 19:48:52 - root - INFO - Log directory: logs
2025-08-13 19:48:52 - root - INFO - ============================================================
2025-08-13 19:48:52 - app.store - INFO - Initializing database
2025-08-13 19:48:52 - app.store - INFO - Database initialized successfully
2025-08-13 19:48:52 - apscheduler.scheduler - INFO - Adding job tentatively -- it will be properly scheduled when the scheduler starts
2025-08-13 19:48:52 - apscheduler.scheduler - INFO - Adding job tentatively -- it will be properly scheduled when the scheduler starts
2025-08-13 19:48:52 - app.main - INFO - Starting RSS to WordPress automation system
2025-08-13 19:48:52 - app.main - INFO - Pipeline will run every 15 minutes
2025-08-13 19:48:52 - app.main - INFO - Cleanup will run every 12 hours
2025-08-13 19:48:52 - apscheduler.scheduler - INFO - Added job "RSS Pipeline Cycle" to job store "default"
2025-08-13 19:48:52 - apscheduler.scheduler - INFO - Added job "Cleanup Task" to job store "default"
2025-08-13 19:48:52 - apscheduler.scheduler - INFO - Scheduler started
2025-08-13 19:51:11 - app.main - INFO - Received shutdown signal, stopping scheduler...
2025-08-13 19:51:11 - apscheduler.scheduler - INFO - Scheduler has been shut down
2025-08-13 17:11:14 - root - INFO - ============================================================
2025-08-13 17:11:14 - root - INFO - RSS to WordPress Automation System Started
2025-08-13 17:11:14 - root - INFO - Log level: INFO
2025-08-13 17:11:14 - root - INFO - Log directory: logs
2025-08-13 17:11:14 - root - INFO - ============================================================
2025-08-13 17:11:14 - __main__ - CRITICAL - Missing critical environment variables: ['WORDPRESS_URL', 'WORDPRESS_USER', 'WORDPRESS_PASSWORD']
2025-08-13 17:22:10 - root - INFO - ============================================================
2025-08-13 17:22:10 - root - INFO - RSS to WordPress Automation System Started
2025-08-13 17:22:10 - root - INFO - Log level: INFO
2025-08-13 17:22:10 - root - INFO - Log directory: logs
2025-08-13 17:22:10 - root - INFO - ============================================================
2025-08-13 17:22:10 - __main__ - CRITICAL - Missing critical environment variables: ['WORDPRESS_URL', 'WORDPRESS_USER', 'WORDPRESS_PASSWORD']
2025-08-13 17:25:09 - root - INFO - ============================================================
2025-08-13 17:25:09 - root - INFO - RSS to WordPress Automation System Started
2025-08-13 17:25:09 - root - INFO - Log level: INFO
2025-08-13 17:25:09 - root - INFO - Log directory: logs
2025-08-13 17:25:09 - root - INFO - ============================================================
2025-08-13 17:25:09 - app.store - INFO - Initializing database
2025-08-13 17:25:09 - app.store - INFO - Database initialized successfully
2025-08-13 17:25:09 - apscheduler.scheduler - INFO - Adding job tentatively -- it will be properly scheduled when the scheduler starts
2025-08-13 17:25:09 - apscheduler.scheduler - INFO - Adding job tentatively -- it will be properly scheduled when the scheduler starts
2025-08-13 17:25:09 - app.main - INFO - Starting RSS to WordPress automation system
2025-08-13 17:25:09 - app.main - INFO - Pipeline will run every 15 minutes
2025-08-13 17:25:09 - app.main - INFO - Cleanup will run every 12 hours
2025-08-13 17:25:09 - apscheduler.scheduler - INFO - Added job "RSS Pipeline Cycle" to job store "default"
2025-08-13 17:25:09 - apscheduler.scheduler - INFO - Added job "Cleanup Task" to job store "default"
2025-08-13 17:25:09 - apscheduler.scheduler - INFO - Scheduler started
2025-08-13 17:40:09 - apscheduler.executors.default - INFO - Running job "RSS Pipeline Cycle (trigger: interval[0:15:00], next run at: 2025-08-13 17:55:09 -03)" (scheduled at 2025-08-13 17:40:09.675279-03:00)
2025-08-13 17:40:09 - apscheduler.executors.default - ERROR - Job "RSS Pipeline Cycle (trigger: interval[0:15:00], next run at: 2025-08-13 17:55:09 -03)" raised an exception
Traceback (most recent call last):
  File "E:\햞ea de Trabalho 2\VocSenior\.venv\Lib\site-packages\apscheduler\executors\base.py", line 131, in run_job
    retval = job.func(*job.args, **job.kwargs)
  File "E:\햞ea de Trabalho 2\VocSenior\app\main.py", line 281, in run_single_cycle
    pipeline = PipelineManager()
  File "E:\햞ea de Trabalho 2\VocSenior\app\main.py", line 141, in __init__
    self.ai_processor = ai_processor.AIProcessor(filtered_ai_config)
                        ~~~~~~~~~~~~~~~~~~~~~~~~^^^^^^^^^^^^^^^^^^^^
  File "E:\햞ea de Trabalho 2\VocSenior\app\ai_processor.py", line 23, in __init__
    self.backup_keys[category] = [key for key in config['backup_keys'] if key]
                                                 ~~~~~~^^^^^^^^^^^^^^^
TypeError: list indices must be integers or slices, not str
2025-08-13 17:53:15 - root - INFO - ============================================================
2025-08-13 17:53:15 - root - INFO - RSS to WordPress Automation System Started
2025-08-13 17:53:15 - root - INFO - Log level: INFO
2025-08-13 17:53:15 - root - INFO - Log directory: logs
2025-08-13 17:53:15 - root - INFO - ============================================================
2025-08-13 17:53:15 - app.store - INFO - Initializing database
2025-08-13 17:53:15 - app.store - INFO - Database initialized successfully
2025-08-13 17:53:15 - apscheduler.scheduler - INFO - Adding job tentatively -- it will be properly scheduled when the scheduler starts
2025-08-13 17:53:15 - apscheduler.scheduler - INFO - Adding job tentatively -- it will be properly scheduled when the scheduler starts
2025-08-13 17:53:15 - app.main - INFO - Starting RSS to WordPress automation system
2025-08-13 17:53:15 - app.main - INFO - Pipeline will run every 15 minutes
2025-08-13 17:53:15 - app.main - INFO - Cleanup will run every 12 hours
2025-08-13 17:53:15 - apscheduler.scheduler - INFO - Added job "RSS Pipeline Cycle" to job store "default"
2025-08-13 17:53:15 - apscheduler.scheduler - INFO - Added job "Cleanup Task" to job store "default"
2025-08-13 17:53:15 - apscheduler.scheduler - INFO - Scheduler started
2025-08-13 17:56:41 - root - INFO - ============================================================
2025-08-13 17:56:41 - root - INFO - RSS to WordPress Automation System Started
2025-08-13 17:56:41 - root - INFO - Log level: INFO
2025-08-13 17:56:41 - root - INFO - Log directory: logs
2025-08-13 17:56:41 - root - INFO - ============================================================
2025-08-13 17:56:41 - app.store - INFO - Initializing database
2025-08-13 17:56:41 - app.store - INFO - Database initialized successfully
2025-08-13 17:56:41 - app.main - INFO - Running single pipeline cycle
2025-08-13 17:56:41 - app.main - INFO - Starting pipeline cycle
2025-08-13 17:56:41 - app.main - INFO - Processing feed: screenrant_movies
2025-08-13 17:56:42 - app.feeds - INFO - Read 10 items from https://screenrant.com/feed/movie-news/
2025-08-13 17:56:42 - app.feeds - INFO - Total unique items for screenrant_movies: 10
2025-08-13 17:56:43 - app.main - INFO - Found 3 new articles for screenrant_movies
2025-08-13 17:56:43 - app.main - INFO - Processing article: Eminem Documentary 'Stans' Streaming Release Date Announced from screenrant_movies
2025-08-13 17:56:43 - app.extractor - INFO - Extracting content from: https://screenrant.com/stans-movie-streaming-release-date-paramount-plus/
2025-08-13 17:56:44 - app.extractor - INFO - Successfully extracted content using trafilatura
2025-08-13 17:56:44 - app.tags - INFO - Extracted 15 tags: after, alt, american-pie, and-it, august...
2025-08-13 17:56:44 - app.ai_processor - INFO - Processing content with AI for category: movies
2025-08-13 17:56:44 - app.main - ERROR - Error processing article https://screenrant.com/stans-movie-streaming-release-date-paramount-plus/: 'AIProcessor' object has no attribute 'prompt_template'
2025-08-13 17:57:14 - app.main - INFO - Processing article: Red Sonja Reboot Divides Critics with 60% Rotten Tomatoes Score from screenrant_movies
2025-08-13 17:57:14 - app.extractor - INFO - Extracting content from: https://screenrant.com/red-sonja-2025-movie-rotten-tomatoes-score-debut/
2025-08-13 17:57:14 - app.extractor - INFO - Successfully extracted content using trafilatura
2025-08-13 17:57:14 - app.tags - INFO - Extracted 15 tags: alt, american, among, arnold-schwarzenegger, async...
2025-08-13 17:57:14 - app.ai_processor - INFO - Processing content with AI for category: movies
2025-08-13 17:57:14 - app.main - ERROR - Error processing article https://screenrant.com/red-sonja-2025-movie-rotten-tomatoes-score-debut/: 'AIProcessor' object has no attribute 'prompt_template'
2025-08-13 17:57:44 - app.main - INFO - Processing article: Scott Rose-Marsh Screen-Tests For James Bond 26: A Potential First For The Franchise from screenrant_movies
2025-08-13 17:57:44 - app.extractor - INFO - Extracting content from: https://screenrant.com/james-bond-26-scott-rose-marsh-screen-testing-reports/
2025-08-13 17:57:45 - app.extractor - INFO - Successfully extracted content using trafilatura
2025-08-13 17:57:45 - app.tags - INFO - Extracted 15 tags: a-potential, aaron-taylor, according, action, after...
2025-08-13 17:57:45 - app.ai_processor - INFO - Processing content with AI for category: movies
2025-08-13 17:57:45 - app.main - ERROR - Error processing article https://screenrant.com/james-bond-26-scott-rose-marsh-screen-testing-reports/: 'AIProcessor' object has no attribute 'prompt_template'
2025-08-13 18:01:00 - root - INFO - ============================================================
2025-08-13 18:01:00 - root - INFO - RSS to WordPress Automation System Started
2025-08-13 18:01:00 - root - INFO - Log level: INFO
2025-08-13 18:01:00 - root - INFO - Log directory: logs
2025-08-13 18:01:00 - root - INFO - ============================================================
2025-08-13 18:01:00 - app.store - INFO - Initializing database
2025-08-13 18:01:00 - app.store - INFO - Database initialized successfully
2025-08-13 18:01:00 - apscheduler.scheduler - INFO - Adding job tentatively -- it will be properly scheduled when the scheduler starts
2025-08-13 18:01:00 - apscheduler.scheduler - INFO - Adding job tentatively -- it will be properly scheduled when the scheduler starts
2025-08-13 18:01:00 - app.main - INFO - Starting RSS to WordPress automation system
2025-08-13 18:01:00 - app.main - INFO - Pipeline will run every 15 minutes
2025-08-13 18:01:00 - app.main - INFO - Cleanup will run every 12 hours
2025-08-13 18:01:00 - apscheduler.scheduler - INFO - Added job "RSS Pipeline Cycle" to job store "default"
2025-08-13 18:01:00 - apscheduler.scheduler - INFO - Added job "Cleanup Task" to job store "default"
2025-08-13 18:01:00 - apscheduler.scheduler - INFO - Scheduler started
2025-08-13 18:01:28 - root - INFO - ============================================================
2025-08-13 18:01:28 - root - INFO - RSS to WordPress Automation System Started
2025-08-13 18:01:28 - root - INFO - Log level: INFO
2025-08-13 18:01:28 - root - INFO - Log directory: logs
2025-08-13 18:01:28 - root - INFO - ============================================================
2025-08-13 18:01:28 - app.store - INFO - Initializing database
2025-08-13 18:01:28 - app.store - INFO - Database initialized successfully
2025-08-13 18:01:28 - app.main - INFO - Running single pipeline cycle
