2025-08-13 19:15:26 - app.main - CRITICAL - Missing critical environment variables: ['WORDPRESS_URL', 'WORDPRESS_USER', 'WORDPRESS_PASSWORD']
2025-08-13 19:17:48 - app.main - CRITICAL - Missing critical environment variables: ['WORDPRESS_URL', 'WORDPRESS_USER', 'WORDPRESS_PASSWORD']
2025-08-13 17:11:14 - __main__ - CRITICAL - Missing critical environment variables: ['WORDPRESS_URL', 'WORDPRESS_USER', 'WORDPRESS_PASSWORD']
2025-08-13 17:22:10 - __main__ - CRITICAL - Missing critical environment variables: ['WORDPRESS_URL', 'WORDPRESS_USER', 'WORDPRESS_PASSWORD']
2025-08-13 17:40:09 - apscheduler.executors.default - ERROR - Job "RSS Pipeline Cycle (trigger: interval[0:15:00], next run at: 2025-08-13 17:55:09 -03)" raised an exception
Traceback (most recent call last):
  File "E:\햞ea de Trabalho 2\VocSenior\.venv\Lib\site-packages\apscheduler\executors\base.py", line 131, in run_job
    retval = job.func(*job.args, **job.kwargs)
  File "E:\햞ea de Trabalho 2\VocSenior\app\main.py", line 281, in run_single_cycle
    pipeline = PipelineManager()
  File "E:\햞ea de Trabalho 2\VocSenior\app\main.py", line 141, in __init__
    self.ai_processor = ai_processor.AIProcessor(filtered_ai_config)
                        ~~~~~~~~~~~~~~~~~~~~~~~~^^^^^^^^^^^^^^^^^^^^
  File "E:\햞ea de Trabalho 2\VocSenior\app\ai_processor.py", line 23, in __init__
    self.backup_keys[category] = [key for key in config['backup_keys'] if key]
                                                 ~~~~~~^^^^^^^^^^^^^^^
TypeError: list indices must be integers or slices, not str
2025-08-13 17:56:44 - app.main - ERROR - Error processing article https://screenrant.com/stans-movie-streaming-release-date-paramount-plus/: 'AIProcessor' object has no attribute 'prompt_template'
2025-08-13 17:57:14 - app.main - ERROR - Error processing article https://screenrant.com/red-sonja-2025-movie-rotten-tomatoes-score-debut/: 'AIProcessor' object has no attribute 'prompt_template'
2025-08-13 17:57:45 - app.main - ERROR - Error processing article https://screenrant.com/james-bond-26-scott-rose-marsh-screen-testing-reports/: 'AIProcessor' object has no attribute 'prompt_template'
